# JRE version: OpenJDK Runtime Environment (17.0.7) (build 17.0.7+0-b2043.56-10550314)
# Java VM: OpenJDK 64-Bit Server VM (17.0.7+0-b2043.56-10550314, mixed mode, tiered, compressed oops, compressed class ptrs, g1 gc, windows-amd64)
GC Precious Log:
 CPUs: 8 total, 8 available
 Memory: 8073M
 Large Page Support: Disabled
 NUMA Support: Disabled
 Compressed Oops: Enabled (32-bit)
 Heap Region Size: 1M
 Heap Min Capacity: 8M
 Heap Initial Capacity: 128M
 Heap Max Capacity: 2020M
 Pre-touch: Disabled
 Parallel Workers: 8
 Concurrent Workers: 2
 Concurrent Refinement Workers: 8
 Periodic GC: Disabled
Heap:
 garbage-first heap   total 161792K, used 93341K [0x0000000081c00000, 0x0000000100000000)
  region size 1024K, 3 young (3072K), 3 survivors (3072K)
 Metaspace       used 82474K, committed 82816K, reserved 1179648K
  class space    used 9213K, committed 9344K, reserved 1048576K
GC Heap History (20 events):
Event: 2.729 GC heap after
{Heap after GC invocations=14 (full 0):
 garbage-first heap   total 86016K, used 50176K [0x0000000081c00000, 0x0000000100000000)
  region size 1024K, 2 young (2048K), 2 survivors (2048K)
 Metaspace       used 43099K, committed 43392K, reserved 1114112K
  class space    used 5254K, committed 5376K, reserved 1048576K
}
Event: 2.951 GC heap before
{Heap before GC invocations=14 (full 0):
 garbage-first heap   total 86016K, used 66560K [0x0000000081c00000, 0x0000000100000000)
  region size 1024K, 18 young (18432K), 2 survivors (2048K)
 Metaspace       used 46553K, committed 46848K, reserved 1114112K
  class space    used 5583K, committed 5696K, reserved 1048576K
}
Event: 2.957 GC heap after
{Heap after GC invocations=15 (full 0):
 garbage-first heap   total 161792K, used 52062K [0x0000000081c00000, 0x0000000100000000)
  region size 1024K, 2 young (2048K), 2 survivors (2048K)
 Metaspace       used 46553K, committed 46848K, reserved 1114112K
  class space    used 5583K, committed 5696K, reserved 1048576K
}
Event: 3.535 GC heap before
{Heap before GC invocations=16 (full 0):
 garbage-first heap   total 161792K, used 112478K [0x0000000081c00000, 0x0000000100000000)
  region size 1024K, 60 young (61440K), 2 survivors (2048K)
 Metaspace       used 52928K, committed 53184K, reserved 1114112K
  class space    used 6371K, committed 6464K, reserved 1048576K
}
Event: 3.543 GC heap after
{Heap after GC invocations=17 (full 0):
 garbage-first heap   total 161792K, used 55764K [0x0000000081c00000, 0x0000000100000000)
  region size 1024K, 6 young (6144K), 6 survivors (6144K)
 Metaspace       used 52928K, committed 53184K, reserved 1114112K
  class space    used 6371K, committed 6464K, reserved 1048576K
}
Event: 4.747 GC heap before
{Heap before GC invocations=17 (full 0):
 garbage-first heap   total 161792K, used 119252K [0x0000000081c00000, 0x0000000100000000)
  region size 1024K, 68 young (69632K), 6 survivors (6144K)
 Metaspace       used 59103K, committed 59456K, reserved 1114112K
  class space    used 6944K, committed 7104K, reserved 1048576K
}
Event: 4.760 GC heap after
{Heap after GC invocations=18 (full 0):
 garbage-first heap   total 161792K, used 63942K [0x0000000081c00000, 0x0000000100000000)
  region size 1024K, 9 young (9216K), 9 survivors (9216K)
 Metaspace       used 59103K, committed 59456K, reserved 1114112K
  class space    used 6944K, committed 7104K, reserved 1048576K
}
Event: 6.250 GC heap before
{Heap before GC invocations=18 (full 0):
 garbage-first heap   total 161792K, used 121286K [0x0000000081c00000, 0x0000000100000000)
  region size 1024K, 65 young (66560K), 9 survivors (9216K)
 Metaspace       used 64101K, committed 64384K, reserved 1114112K
  class space    used 7444K, committed 7552K, reserved 1048576K
}
Event: 6.268 GC heap after
{Heap after GC invocations=19 (full 0):
 garbage-first heap   total 161792K, used 69994K [0x0000000081c00000, 0x0000000100000000)
  region size 1024K, 6 young (6144K), 6 survivors (6144K)
 Metaspace       used 64101K, committed 64384K, reserved 1114112K
  class space    used 7444K, committed 7552K, reserved 1048576K
}
Event: 7.602 GC heap before
{Heap before GC invocations=19 (full 0):
 garbage-first heap   total 161792K, used 125290K [0x0000000081c00000, 0x0000000100000000)
  region size 1024K, 59 young (60416K), 6 survivors (6144K)
 Metaspace       used 65904K, committed 66240K, reserved 1114112K
  class space    used 7521K, committed 7680K, reserved 1048576K
}
Event: 7.615 GC heap after
{Heap after GC invocations=20 (full 0):
 garbage-first heap   total 161792K, used 75507K [0x0000000081c00000, 0x0000000100000000)
  region size 1024K, 6 young (6144K), 6 survivors (6144K)
 Metaspace       used 65904K, committed 66240K, reserved 1114112K
  class space    used 7521K, committed 7680K, reserved 1048576K
}
Event: 8.503 GC heap before
{Heap before GC invocations=20 (full 0):
 garbage-first heap   total 161792K, used 129779K [0x0000000081c00000, 0x0000000100000000)
  region size 1024K, 57 young (58368K), 6 survivors (6144K)
 Metaspace       used 66627K, committed 66944K, reserved 1114112K
  class space    used 7558K, committed 7680K, reserved 1048576K
}
Event: 8.519 GC heap after
{Heap after GC invocations=21 (full 0):
 garbage-first heap   total 161792K, used 84337K [0x0000000081c00000, 0x0000000100000000)
  region size 1024K, 7 young (7168K), 7 survivors (7168K)
 Metaspace       used 66627K, committed 66944K, reserved 1114112K
  class space    used 7558K, committed 7680K, reserved 1048576K
}
Event: 9.362 GC heap before
{Heap before GC invocations=21 (full 0):
 garbage-first heap   total 161792K, used 129393K [0x0000000081c00000, 0x0000000100000000)
  region size 1024K, 51 young (52224K), 7 survivors (7168K)
 Metaspace       used 67992K, committed 68288K, reserved 1114112K
  class space    used 7681K, committed 7808K, reserved 1048576K
}
Event: 9.373 GC heap after
{Heap after GC invocations=22 (full 0):
 garbage-first heap   total 161792K, used 87408K [0x0000000081c00000, 0x0000000100000000)
  region size 1024K, 3 young (3072K), 3 survivors (3072K)
 Metaspace       used 67992K, committed 68288K, reserved 1114112K
  class space    used 7681K, committed 7808K, reserved 1048576K
}
Event: 10.360 GC heap before
{Heap before GC invocations=23 (full 0):
 garbage-first heap   total 161792K, used 131440K [0x0000000081c00000, 0x0000000100000000)
  region size 1024K, 46 young (47104K), 3 survivors (3072K)
 Metaspace       used 74419K, committed 74816K, reserved 1179648K
  class space    used 8340K, committed 8512K, reserved 1048576K
}
Event: 10.369 GC heap after
{Heap after GC invocations=24 (full 0):
 garbage-first heap   total 161792K, used 91136K [0x0000000081c00000, 0x0000000100000000)
  region size 1024K, 6 young (6144K), 6 survivors (6144K)
 Metaspace       used 74419K, committed 74816K, reserved 1179648K
  class space    used 8340K, committed 8512K, reserved 1048576K
}
Event: 10.384 GC heap before
{Heap before GC invocations=24 (full 0):
 garbage-first heap   total 161792K, used 91136K [0x0000000081c00000, 0x0000000100000000)
  region size 1024K, 7 young (7168K), 6 survivors (6144K)
 Metaspace       used 74740K, committed 75072K, reserved 1179648K
  class space    used 8368K, committed 8512K, reserved 1048576K
}
Event: 10.392 GC heap after
{Heap after GC invocations=25 (full 0):
 garbage-first heap   total 161792K, used 91633K [0x0000000081c00000, 0x0000000100000000)
  region size 1024K, 1 young (1024K), 1 survivors (1024K)
 Metaspace       used 74740K, committed 75072K, reserved 1179648K
  class space    used 8368K, committed 8512K, reserved 1048576K
}
Event: 11.157 GC heap before
{Heap before GC invocations=25 (full 0):
 garbage-first heap   total 161792K, used 132593K [0x0000000081c00000, 0x0000000100000000)
  region size 1024K, 41 young (41984K), 1 survivors (1024K)
 Metaspace       used 82474K, committed 82816K, reserved 1179648K
  class space    used 9213K, committed 9344K, reserved 1048576K
}

