# JRE version: OpenJDK Runtime Environment (17.0.7) (build 17.0.7+0-b2043.56-10550314)
# Java VM: OpenJDK 64-Bit Server VM (17.0.7+0-b2043.56-10550314, mixed mode, tiered, compressed oops, compressed class ptrs, g1 gc, windows-amd64)
GC Precious Log:
 CPUs: 8 total, 8 available
 Memory: 8073M
 Large Page Support: Disabled
 NUMA Support: Disabled
 Compressed Oops: Enabled (32-bit)
 Heap Region Size: 1M
 Heap Min Capacity: 8M
 Heap Initial Capacity: 128M
 Heap Max Capacity: 2020M
 Pre-touch: Disabled
 Parallel Workers: 8
 Concurrent Workers: 2
 Concurrent Refinement Workers: 8
 Periodic GC: Disabled
Heap:
 garbage-first heap   total 153600K, used 81690K [0x0000000081c00000, 0x0000000100000000)
  region size 1024K, 25 young (25600K), 8 survivors (8192K)
 Metaspace       used 62284K, committed 62528K, reserved 1114112K
  class space    used 7312K, committed 7424K, reserved 1048576K
GC Heap History (20 events):
Event: 3.384 GC heap before
{Heap before GC invocations=9 (full 0):
 garbage-first heap   total 65536K, used 45853K [0x0000000081c00000, 0x0000000100000000)
  region size 1024K, 23 young (23552K), 1 survivors (1024K)
 Metaspace       used 38926K, committed 39168K, reserved 1114112K
  class space    used 4830K, committed 4928K, reserved 1048576K
}
Event: 3.392 GC heap after
{Heap after GC invocations=10 (full 0):
 garbage-first heap   total 65536K, used 25600K [0x0000000081c00000, 0x0000000100000000)
  region size 1024K, 3 young (3072K), 3 survivors (3072K)
 Metaspace       used 38926K, committed 39168K, reserved 1114112K
  class space    used 4830K, committed 4928K, reserved 1048576K
}
Event: 3.408 GC heap before
{Heap before GC invocations=10 (full 0):
 garbage-first heap   total 65536K, used 26624K [0x0000000081c00000, 0x0000000100000000)
  region size 1024K, 4 young (4096K), 3 survivors (3072K)
 Metaspace       used 39100K, committed 39360K, reserved 1114112K
  class space    used 4847K, committed 4928K, reserved 1048576K
}
Event: 3.415 GC heap after
{Heap after GC invocations=11 (full 0):
 garbage-first heap   total 65536K, used 25795K [0x0000000081c00000, 0x0000000100000000)
  region size 1024K, 1 young (1024K), 1 survivors (1024K)
 Metaspace       used 39100K, committed 39360K, reserved 1114112K
  class space    used 4847K, committed 4928K, reserved 1048576K
}
Event: 3.733 GC heap before
{Heap before GC invocations=11 (full 0):
 garbage-first heap   total 65536K, used 46275K [0x0000000081c00000, 0x0000000100000000)
  region size 1024K, 22 young (22528K), 1 survivors (1024K)
 Metaspace       used 43585K, committed 43776K, reserved 1114112K
  class space    used 5252K, committed 5312K, reserved 1048576K
}
Event: 3.736 GC heap after
{Heap after GC invocations=12 (full 0):
 garbage-first heap   total 65536K, used 27362K [0x0000000081c00000, 0x0000000100000000)
  region size 1024K, 2 young (2048K), 2 survivors (2048K)
 Metaspace       used 43585K, committed 43776K, reserved 1114112K
  class space    used 5252K, committed 5312K, reserved 1048576K
}
Event: 4.229 GC heap before
{Heap before GC invocations=12 (full 0):
 garbage-first heap   total 65536K, used 50914K [0x0000000081c00000, 0x0000000100000000)
  region size 1024K, 23 young (23552K), 2 survivors (2048K)
 Metaspace       used 48753K, committed 49024K, reserved 1114112K
  class space    used 5842K, committed 6016K, reserved 1048576K
}
Event: 4.239 GC heap after
{Heap after GC invocations=13 (full 0):
 garbage-first heap   total 65536K, used 32760K [0x0000000081c00000, 0x0000000100000000)
  region size 1024K, 3 young (3072K), 3 survivors (3072K)
 Metaspace       used 48753K, committed 49024K, reserved 1114112K
  class space    used 5842K, committed 6016K, reserved 1048576K
}
Event: 4.502 GC heap before
{Heap before GC invocations=13 (full 0):
 garbage-first heap   total 65536K, used 50168K [0x0000000081c00000, 0x0000000100000000)
  region size 1024K, 20 young (20480K), 3 survivors (3072K)
 Metaspace       used 50845K, committed 51072K, reserved 1114112K
  class space    used 6068K, committed 6208K, reserved 1048576K
}
Event: 4.513 GC heap after
{Heap after GC invocations=14 (full 0):
 garbage-first heap   total 65536K, used 36864K [0x0000000081c00000, 0x0000000100000000)
  region size 1024K, 3 young (3072K), 3 survivors (3072K)
 Metaspace       used 50845K, committed 51072K, reserved 1114112K
  class space    used 6068K, committed 6208K, reserved 1048576K
}
Event: 4.615 GC heap before
{Heap before GC invocations=15 (full 0):
 garbage-first heap   total 65536K, used 41984K [0x0000000081c00000, 0x0000000100000000)
  region size 1024K, 9 young (9216K), 3 survivors (3072K)
 Metaspace       used 51735K, committed 52032K, reserved 1114112K
  class space    used 6184K, committed 6336K, reserved 1048576K
}
Event: 4.623 GC heap after
{Heap after GC invocations=16 (full 0):
 garbage-first heap   total 65536K, used 38271K [0x0000000081c00000, 0x0000000100000000)
  region size 1024K, 2 young (2048K), 2 survivors (2048K)
 Metaspace       used 51735K, committed 52032K, reserved 1114112K
  class space    used 6184K, committed 6336K, reserved 1048576K
}
Event: 4.680 GC heap before
{Heap before GC invocations=17 (full 0):
 garbage-first heap   total 75776K, used 49535K [0x0000000081c00000, 0x0000000100000000)
  region size 1024K, 13 young (13312K), 2 survivors (2048K)
 Metaspace       used 51796K, committed 52096K, reserved 1114112K
  class space    used 6184K, committed 6336K, reserved 1048576K
}
Event: 4.686 GC heap after
{Heap after GC invocations=18 (full 0):
 garbage-first heap   total 75776K, used 41875K [0x0000000081c00000, 0x0000000100000000)
  region size 1024K, 2 young (2048K), 2 survivors (2048K)
 Metaspace       used 51796K, committed 52096K, reserved 1114112K
  class space    used 6184K, committed 6336K, reserved 1048576K
}
Event: 4.822 GC heap before
{Heap before GC invocations=18 (full 0):
 garbage-first heap   total 75776K, used 57235K [0x0000000081c00000, 0x0000000100000000)
  region size 1024K, 17 young (17408K), 2 survivors (2048K)
 Metaspace       used 52194K, committed 52480K, reserved 1114112K
  class space    used 6205K, committed 6336K, reserved 1048576K
}
Event: 4.829 GC heap after
{Heap after GC invocations=19 (full 0):
 garbage-first heap   total 203776K, used 43191K [0x0000000081c00000, 0x0000000100000000)
  region size 1024K, 3 young (3072K), 3 survivors (3072K)
 Metaspace       used 52194K, committed 52480K, reserved 1114112K
  class space    used 6205K, committed 6336K, reserved 1048576K
}
Event: 7.342 GC heap before
{Heap before GC invocations=20 (full 0):
 garbage-first heap   total 153600K, used 130231K [0x0000000081c00000, 0x0000000100000000)
  region size 1024K, 89 young (91136K), 3 survivors (3072K)
 Metaspace       used 61448K, committed 61760K, reserved 1114112K
  class space    used 7209K, committed 7360K, reserved 1048576K
}
Event: 7.369 GC heap after
{Heap after GC invocations=21 (full 0):
 garbage-first heap   total 153600K, used 56402K [0x0000000081c00000, 0x0000000100000000)
  region size 1024K, 12 young (12288K), 12 survivors (12288K)
 Metaspace       used 61448K, committed 61760K, reserved 1114112K
  class space    used 7209K, committed 7360K, reserved 1048576K
}
Event: 8.078 GC heap before
{Heap before GC invocations=21 (full 0):
 garbage-first heap   total 153600K, used 106578K [0x0000000081c00000, 0x0000000100000000)
  region size 1024K, 61 young (62464K), 12 survivors (12288K)
 Metaspace       used 62216K, committed 62464K, reserved 1114112K
  class space    used 7309K, committed 7424K, reserved 1048576K
}
Event: 8.111 GC heap after
{Heap after GC invocations=22 (full 0):
 garbage-first heap   total 153600K, used 65306K [0x0000000081c00000, 0x0000000100000000)
  region size 1024K, 8 young (8192K), 8 survivors (8192K)
 Metaspace       used 62216K, committed 62464K, reserved 1114112K
  class space    used 7309K, committed 7424K, reserved 1048576K
}

