# JRE version: OpenJDK Runtime Environment (17.0.7) (build 17.0.7+0-b2043.56-10550314)
# Java VM: OpenJDK 64-Bit Server VM (17.0.7+0-b2043.56-10550314, mixed mode, tiered, compressed oops, compressed class ptrs, g1 gc, windows-amd64)
GC Precious Log:
 CPUs: 8 total, 8 available
 Memory: 8073M
 Large Page Support: Disabled
 NUMA Support: Disabled
 Compressed Oops: Enabled (32-bit)
 Heap Region Size: 1M
 Heap Min Capacity: 8M
 Heap Initial Capacity: 128M
 Heap Max Capacity: 2020M
 Pre-touch: Disabled
 Parallel Workers: 8
 Concurrent Workers: 2
 Concurrent Refinement Workers: 8
 Periodic GC: Disabled
Heap:
 garbage-first heap   total 160768K, used 79208K [0x0000000081c00000, 0x0000000100000000)
  region size 1024K, 6 young (6144K), 6 survivors (6144K)
 Metaspace       used 66422K, committed 66752K, reserved 1114112K
  class space    used 7550K, committed 7680K, reserved 1048576K
GC Heap History (20 events):
Event: 1.478 GC heap after
{Heap after GC invocations=9 (full 0):
 garbage-first heap   total 86016K, used 27074K [0x0000000081c00000, 0x0000000100000000)
  region size 1024K, 2 young (2048K), 2 survivors (2048K)
 Metaspace       used 32133K, committed 32384K, reserved 1114112K
  class space    used 3918K, committed 4032K, reserved 1048576K
}
Event: 1.625 GC heap before
{Heap before GC invocations=9 (full 0):
 garbage-first heap   total 86016K, used 58818K [0x0000000081c00000, 0x0000000100000000)
  region size 1024K, 30 young (30720K), 2 survivors (2048K)
 Metaspace       used 32264K, committed 32640K, reserved 1114112K
  class space    used 3923K, committed 4096K, reserved 1048576K
}
Event: 1.640 GC heap after
{Heap after GC invocations=10 (full 0):
 garbage-first heap   total 86016K, used 31882K [0x0000000081c00000, 0x0000000100000000)
  region size 1024K, 4 young (4096K), 4 survivors (4096K)
 Metaspace       used 32264K, committed 32640K, reserved 1114112K
  class space    used 3923K, committed 4096K, reserved 1048576K
}
Event: 1.931 GC heap before
{Heap before GC invocations=10 (full 0):
 garbage-first heap   total 86016K, used 56458K [0x0000000081c00000, 0x0000000100000000)
  region size 1024K, 28 young (28672K), 4 survivors (4096K)
 Metaspace       used 35272K, committed 35520K, reserved 1114112K
  class space    used 4421K, committed 4544K, reserved 1048576K
}
Event: 1.940 GC heap after
{Heap after GC invocations=11 (full 0):
 garbage-first heap   total 86016K, used 32633K [0x0000000081c00000, 0x0000000100000000)
  region size 1024K, 4 young (4096K), 4 survivors (4096K)
 Metaspace       used 35272K, committed 35520K, reserved 1114112K
  class space    used 4421K, committed 4544K, reserved 1048576K
}
Event: 2.282 GC heap before
{Heap before GC invocations=11 (full 0):
 garbage-first heap   total 86016K, used 62329K [0x0000000081c00000, 0x0000000100000000)
  region size 1024K, 25 young (25600K), 4 survivors (4096K)
 Metaspace       used 39538K, committed 39872K, reserved 1114112K
  class space    used 4892K, committed 5056K, reserved 1048576K
}
Event: 2.291 GC heap after
{Heap after GC invocations=12 (full 0):
 garbage-first heap   total 86016K, used 46799K [0x0000000081c00000, 0x0000000100000000)
  region size 1024K, 4 young (4096K), 4 survivors (4096K)
 Metaspace       used 39538K, committed 39872K, reserved 1114112K
  class space    used 4892K, committed 5056K, reserved 1048576K
}
Event: 2.510 GC heap before
{Heap before GC invocations=13 (full 0):
 garbage-first heap   total 86016K, used 66255K [0x0000000081c00000, 0x0000000100000000)
  region size 1024K, 22 young (22528K), 4 survivors (4096K)
 Metaspace       used 43181K, committed 43456K, reserved 1114112K
  class space    used 5263K, committed 5376K, reserved 1048576K
}
Event: 2.516 GC heap after
{Heap after GC invocations=14 (full 0):
 garbage-first heap   total 86016K, used 50176K [0x0000000081c00000, 0x0000000100000000)
  region size 1024K, 2 young (2048K), 2 survivors (2048K)
 Metaspace       used 43181K, committed 43456K, reserved 1114112K
  class space    used 5263K, committed 5376K, reserved 1048576K
}
Event: 2.534 GC heap before
{Heap before GC invocations=14 (full 0):
 garbage-first heap   total 86016K, used 51200K [0x0000000081c00000, 0x0000000100000000)
  region size 1024K, 4 young (4096K), 2 survivors (2048K)
 Metaspace       used 43593K, committed 43904K, reserved 1114112K
  class space    used 5285K, committed 5440K, reserved 1048576K
}
Event: 2.538 GC heap after
{Heap after GC invocations=15 (full 0):
 garbage-first heap   total 160768K, used 50283K [0x0000000081c00000, 0x0000000100000000)
  region size 1024K, 1 young (1024K), 1 survivors (1024K)
 Metaspace       used 43593K, committed 43904K, reserved 1114112K
  class space    used 5285K, committed 5440K, reserved 1048576K
}
Event: 3.149 GC heap before
{Heap before GC invocations=15 (full 0):
 garbage-first heap   total 160768K, used 107627K [0x0000000081c00000, 0x0000000100000000)
  region size 1024K, 56 young (57344K), 1 survivors (1024K)
 Metaspace       used 50791K, committed 51072K, reserved 1114112K
  class space    used 6100K, committed 6208K, reserved 1048576K
}
Event: 3.158 GC heap after
{Heap after GC invocations=16 (full 0):
 garbage-first heap   total 160768K, used 55152K [0x0000000081c00000, 0x0000000100000000)
  region size 1024K, 6 young (6144K), 6 survivors (6144K)
 Metaspace       used 50791K, committed 51072K, reserved 1114112K
  class space    used 6100K, committed 6208K, reserved 1048576K
}
Event: 4.057 GC heap before
{Heap before GC invocations=16 (full 0):
 garbage-first heap   total 160768K, used 113520K [0x0000000081c00000, 0x0000000100000000)
  region size 1024K, 63 young (64512K), 6 survivors (6144K)
 Metaspace       used 58412K, committed 58688K, reserved 1114112K
  class space    used 6921K, committed 7040K, reserved 1048576K
}
Event: 4.069 GC heap after
{Heap after GC invocations=17 (full 0):
 garbage-first heap   total 160768K, used 61327K [0x0000000081c00000, 0x0000000100000000)
  region size 1024K, 8 young (8192K), 8 survivors (8192K)
 Metaspace       used 58412K, committed 58688K, reserved 1114112K
  class space    used 6921K, committed 7040K, reserved 1048576K
}
Event: 5.278 GC heap before
{Heap before GC invocations=17 (full 0):
 garbage-first heap   total 160768K, used 117647K [0x0000000081c00000, 0x0000000100000000)
  region size 1024K, 63 young (64512K), 8 survivors (8192K)
 Metaspace       used 62715K, committed 62976K, reserved 1114112K
  class space    used 7310K, committed 7424K, reserved 1048576K
}
Event: 5.290 GC heap after
{Heap after GC invocations=18 (full 0):
 garbage-first heap   total 160768K, used 66826K [0x0000000081c00000, 0x0000000100000000)
  region size 1024K, 6 young (6144K), 6 survivors (6144K)
 Metaspace       used 62715K, committed 62976K, reserved 1114112K
  class space    used 7310K, committed 7424K, reserved 1048576K
}
Event: 6.459 GC heap before
{Heap before GC invocations=18 (full 0):
 garbage-first heap   total 160768K, used 123146K [0x0000000081c00000, 0x0000000100000000)
  region size 1024K, 60 young (61440K), 6 survivors (6144K)
 Metaspace       used 65157K, committed 65472K, reserved 1114112K
  class space    used 7487K, committed 7616K, reserved 1048576K
}
Event: 6.474 GC heap after
{Heap after GC invocations=19 (full 0):
 garbage-first heap   total 160768K, used 73435K [0x0000000081c00000, 0x0000000100000000)
  region size 1024K, 7 young (7168K), 7 survivors (7168K)
 Metaspace       used 65157K, committed 65472K, reserved 1114112K
  class space    used 7487K, committed 7616K, reserved 1048576K
}
Event: 7.717 GC heap before
{Heap before GC invocations=19 (full 0):
 garbage-first heap   total 160768K, used 124635K [0x0000000081c00000, 0x0000000100000000)
  region size 1024K, 57 young (58368K), 7 survivors (7168K)
 Metaspace       used 66422K, committed 66752K, reserved 1114112K
  class space    used 7550K, committed 7680K, reserved 1048576K
}

