# JRE version: OpenJDK Runtime Environment (17.0.7) (build 17.0.7+0-b2043.56-10550314)
# Java VM: OpenJDK 64-Bit Server VM (17.0.7+0-b2043.56-10550314, mixed mode, tiered, compressed oops, compressed class ptrs, g1 gc, windows-amd64)
GC Precious Log:
 CPUs: 8 total, 8 available
 Memory: 8073M
 Large Page Support: Disabled
 NUMA Support: Disabled
 Compressed Oops: Enabled (32-bit)
 Heap Region Size: 1M
 Heap Min Capacity: 8M
 Heap Initial Capacity: 128M
 Heap Max Capacity: 2020M
 Pre-touch: Disabled
 Parallel Workers: 8
 Concurrent Workers: 2
 Concurrent Refinement Workers: 8
 Periodic GC: Disabled
Heap:
 garbage-first heap   total 97280K, used 60829K [0x0000000081c00000, 0x0000000100000000)
  region size 1024K, 8 young (8192K), 2 survivors (2048K)
 Metaspace       used 64907K, committed 65216K, reserved 1114112K
  class space    used 7778K, committed 7936K, reserved 1048576K
GC Heap History (20 events):
Event: 6.475 GC heap before
{Heap before GC invocations=13 (full 0):
 garbage-first heap   total 56320K, used 40138K [0x0000000081c00000, 0x0000000100000000)
  region size 1024K, 16 young (16384K), 2 survivors (2048K)
 Metaspace       used 49314K, committed 49600K, reserved 1114112K
  class space    used 5937K, committed 6080K, reserved 1048576K
}
Event: 6.482 GC heap after
{Heap after GC invocations=14 (full 0):
 garbage-first heap   total 56320K, used 29315K [0x0000000081c00000, 0x0000000100000000)
  region size 1024K, 3 young (3072K), 3 survivors (3072K)
 Metaspace       used 49314K, committed 49600K, reserved 1114112K
  class space    used 5937K, committed 6080K, reserved 1048576K
}
Event: 7.273 GC heap before
{Heap before GC invocations=15 (full 0):
 garbage-first heap   total 56320K, used 44675K [0x0000000081c00000, 0x0000000100000000)
  region size 1024K, 17 young (17408K), 3 survivors (3072K)
 Metaspace       used 53699K, committed 53952K, reserved 1114112K
  class space    used 6549K, committed 6656K, reserved 1048576K
}
Event: 7.283 GC heap after
{Heap after GC invocations=16 (full 0):
 garbage-first heap   total 56320K, used 32774K [0x0000000081c00000, 0x0000000100000000)
  region size 1024K, 2 young (2048K), 2 survivors (2048K)
 Metaspace       used 53699K, committed 53952K, reserved 1114112K
  class space    used 6549K, committed 6656K, reserved 1048576K
}
Event: 7.457 GC heap before
{Heap before GC invocations=16 (full 0):
 garbage-first heap   total 56320K, used 36870K [0x0000000081c00000, 0x0000000100000000)
  region size 1024K, 7 young (7168K), 2 survivors (2048K)
 Metaspace       used 54795K, committed 55040K, reserved 1114112K
  class space    used 6707K, committed 6848K, reserved 1048576K
}
Event: 7.461 GC heap after
{Heap after GC invocations=17 (full 0):
 garbage-first heap   total 56320K, used 33587K [0x0000000081c00000, 0x0000000100000000)
  region size 1024K, 1 young (1024K), 1 survivors (1024K)
 Metaspace       used 54795K, committed 55040K, reserved 1114112K
  class space    used 6707K, committed 6848K, reserved 1048576K
}
Event: 7.567 GC heap before
{Heap before GC invocations=18 (full 0):
 garbage-first heap   total 63488K, used 44851K [0x0000000081c00000, 0x0000000100000000)
  region size 1024K, 12 young (12288K), 1 survivors (1024K)
 Metaspace       used 54812K, committed 55040K, reserved 1114112K
  class space    used 6707K, committed 6848K, reserved 1048576K
}
Event: 7.574 GC heap after
{Heap after GC invocations=19 (full 0):
 garbage-first heap   total 63488K, used 36784K [0x0000000081c00000, 0x0000000100000000)
  region size 1024K, 2 young (2048K), 2 survivors (2048K)
 Metaspace       used 54812K, committed 55040K, reserved 1114112K
  class space    used 6707K, committed 6848K, reserved 1048576K
}
Event: 7.717 GC heap before
{Heap before GC invocations=19 (full 0):
 garbage-first heap   total 63488K, used 49072K [0x0000000081c00000, 0x0000000100000000)
  region size 1024K, 14 young (14336K), 2 survivors (2048K)
 Metaspace       used 55127K, committed 55424K, reserved 1114112K
  class space    used 6744K, committed 6912K, reserved 1048576K
}
Event: 7.723 GC heap after
{Heap after GC invocations=20 (full 0):
 garbage-first heap   total 90112K, used 36389K [0x0000000081c00000, 0x0000000100000000)
  region size 1024K, 1 young (1024K), 1 survivors (1024K)
 Metaspace       used 55127K, committed 55424K, reserved 1114112K
  class space    used 6744K, committed 6912K, reserved 1048576K
}
Event: 8.842 GC heap before
{Heap before GC invocations=21 (full 0):
 garbage-first heap   total 90112K, used 68133K [0x0000000081c00000, 0x0000000100000000)
  region size 1024K, 32 young (32768K), 1 survivors (1024K)
 Metaspace       used 58971K, committed 59264K, reserved 1114112K
  class space    used 7178K, committed 7296K, reserved 1048576K
}
Event: 8.855 GC heap after
{Heap after GC invocations=22 (full 0):
 garbage-first heap   total 90112K, used 40636K [0x0000000081c00000, 0x0000000100000000)
  region size 1024K, 4 young (4096K), 4 survivors (4096K)
 Metaspace       used 58971K, committed 59264K, reserved 1114112K
  class space    used 7178K, committed 7296K, reserved 1048576K
}
Event: 10.972 GC heap before
{Heap before GC invocations=22 (full 0):
 garbage-first heap   total 90112K, used 69308K [0x0000000081c00000, 0x0000000100000000)
  region size 1024K, 32 young (32768K), 4 survivors (4096K)
 Metaspace       used 61307K, committed 61568K, reserved 1114112K
  class space    used 7389K, committed 7552K, reserved 1048576K
}
Event: 10.994 GC heap after
{Heap after GC invocations=23 (full 0):
 garbage-first heap   total 90112K, used 45890K [0x0000000081c00000, 0x0000000100000000)
  region size 1024K, 4 young (4096K), 4 survivors (4096K)
 Metaspace       used 61307K, committed 61568K, reserved 1114112K
  class space    used 7389K, committed 7552K, reserved 1048576K
}
Event: 11.761 GC heap before
{Heap before GC invocations=23 (full 0):
 garbage-first heap   total 90112K, used 70466K [0x0000000081c00000, 0x0000000100000000)
  region size 1024K, 28 young (28672K), 4 survivors (4096K)
 Metaspace       used 61871K, committed 62144K, reserved 1114112K
  class space    used 7427K, committed 7552K, reserved 1048576K
}
Event: 11.783 GC heap after
{Heap after GC invocations=24 (full 0):
 garbage-first heap   total 90112K, used 50970K [0x0000000081c00000, 0x0000000100000000)
  region size 1024K, 4 young (4096K), 4 survivors (4096K)
 Metaspace       used 61871K, committed 62144K, reserved 1114112K
  class space    used 7427K, committed 7552K, reserved 1048576K
}
Event: 12.874 GC heap before
{Heap before GC invocations=25 (full 0):
 garbage-first heap   total 90112K, used 71450K [0x0000000081c00000, 0x0000000100000000)
  region size 1024K, 24 young (24576K), 4 survivors (4096K)
 Metaspace       used 63079K, committed 63360K, reserved 1114112K
  class space    used 7568K, committed 7680K, reserved 1048576K
}
Event: 12.890 GC heap after
{Heap after GC invocations=26 (full 0):
 garbage-first heap   total 90112K, used 53905K [0x0000000081c00000, 0x0000000100000000)
  region size 1024K, 3 young (3072K), 3 survivors (3072K)
 Metaspace       used 63079K, committed 63360K, reserved 1114112K
  class space    used 7568K, committed 7680K, reserved 1048576K
}
Event: 13.381 GC heap before
{Heap before GC invocations=26 (full 0):
 garbage-first heap   total 90112K, used 71313K [0x0000000081c00000, 0x0000000100000000)
  region size 1024K, 21 young (21504K), 3 survivors (3072K)
 Metaspace       used 64034K, committed 64320K, reserved 1114112K
  class space    used 7668K, committed 7808K, reserved 1048576K
}
Event: 13.395 GC heap after
{Heap after GC invocations=27 (full 0):
 garbage-first heap   total 90112K, used 55709K [0x0000000081c00000, 0x0000000100000000)
  region size 1024K, 2 young (2048K), 2 survivors (2048K)
 Metaspace       used 64034K, committed 64320K, reserved 1114112K
  class space    used 7668K, committed 7808K, reserved 1048576K
}

