# JRE version: OpenJDK Runtime Environment (17.0.7) (build 17.0.7+0-b2043.56-10550314)
# Java VM: OpenJDK 64-Bit Server VM (17.0.7+0-b2043.56-10550314, mixed mode, tiered, compressed oops, compressed class ptrs, g1 gc, windows-amd64)
GC Precious Log:
 CPUs: 8 total, 8 available
 Memory: 8073M
 Large Page Support: Disabled
 NUMA Support: Disabled
 Compressed Oops: Enabled (32-bit)
 Heap Region Size: 1M
 Heap Min Capacity: 8M
 Heap Initial Capacity: 128M
 Heap Max Capacity: 2020M
 Pre-touch: Disabled
 Parallel Workers: 8
 Concurrent Workers: 2
 Concurrent Refinement Workers: 8
 Periodic GC: Disabled
Heap:
 garbage-first heap   total 138240K, used 64512K [0x0000000081c00000, 0x0000000100000000)
  region size 1024K, 9 young (9216K), 7 survivors (7168K)
 Metaspace       used 62130K, committed 62400K, reserved 1114112K
  class space    used 7311K, committed 7424K, reserved 1048576K
GC Heap History (20 events):
Event: 2.480 GC heap after
{Heap after GC invocations=2 (full 0):
 garbage-first heap   total 131072K, used 10381K [0x0000000081c00000, 0x0000000100000000)
  region size 1024K, 4 young (4096K), 4 survivors (4096K)
 Metaspace       used 21302K, committed 21504K, reserved 1114112K
  class space    used 2321K, committed 2432K, reserved 1048576K
}
Event: 3.942 GC heap before
{Heap before GC invocations=3 (full 0):
 garbage-first heap   total 65536K, used 49293K [0x0000000081c00000, 0x0000000100000000)
  region size 1024K, 38 young (38912K), 4 survivors (4096K)
 Metaspace       used 31194K, committed 31424K, reserved 1114112K
  class space    used 3777K, committed 3904K, reserved 1048576K
}
Event: 3.956 GC heap after
{Heap after GC invocations=4 (full 0):
 garbage-first heap   total 65536K, used 18223K [0x0000000081c00000, 0x0000000100000000)
  region size 1024K, 4 young (4096K), 4 survivors (4096K)
 Metaspace       used 31194K, committed 31424K, reserved 1114112K
  class space    used 3777K, committed 3904K, reserved 1048576K
}
Event: 3.970 GC heap before
{Heap before GC invocations=4 (full 0):
 garbage-first heap   total 65536K, used 19247K [0x0000000081c00000, 0x0000000100000000)
  region size 1024K, 5 young (5120K), 4 survivors (4096K)
 Metaspace       used 31228K, committed 31488K, reserved 1114112K
  class space    used 3777K, committed 3904K, reserved 1048576K
}
Event: 3.978 GC heap after
{Heap after GC invocations=5 (full 0):
 garbage-first heap   total 65536K, used 18635K [0x0000000081c00000, 0x0000000100000000)
  region size 1024K, 1 young (1024K), 1 survivors (1024K)
 Metaspace       used 31228K, committed 31488K, reserved 1114112K
  class space    used 3777K, committed 3904K, reserved 1048576K
}
Event: 5.053 GC heap before
{Heap before GC invocations=5 (full 0):
 garbage-first heap   total 65536K, used 48331K [0x0000000081c00000, 0x0000000100000000)
  region size 1024K, 28 young (28672K), 1 survivors (1024K)
 Metaspace       used 36125K, committed 36352K, reserved 1114112K
  class space    used 4523K, committed 4608K, reserved 1048576K
}
Event: 5.067 GC heap after
{Heap after GC invocations=6 (full 0):
 garbage-first heap   total 65536K, used 25600K [0x0000000081c00000, 0x0000000100000000)
  region size 1024K, 4 young (4096K), 4 survivors (4096K)
 Metaspace       used 36125K, committed 36352K, reserved 1114112K
  class space    used 4523K, committed 4608K, reserved 1048576K
}
Event: 5.599 GC heap before
{Heap before GC invocations=7 (full 0):
 garbage-first heap   total 65536K, used 48128K [0x0000000081c00000, 0x0000000100000000)
  region size 1024K, 27 young (27648K), 4 survivors (4096K)
 Metaspace       used 40493K, committed 40704K, reserved 1114112K
  class space    used 4961K, committed 5056K, reserved 1048576K
}
Event: 5.611 GC heap after
{Heap after GC invocations=8 (full 0):
 garbage-first heap   total 65536K, used 26605K [0x0000000081c00000, 0x0000000100000000)
  region size 1024K, 3 young (3072K), 3 survivors (3072K)
 Metaspace       used 40493K, committed 40704K, reserved 1114112K
  class space    used 4961K, committed 5056K, reserved 1048576K
}
Event: 5.640 GC heap before
{Heap before GC invocations=8 (full 0):
 garbage-first heap   total 65536K, used 26605K [0x0000000081c00000, 0x0000000100000000)
  region size 1024K, 4 young (4096K), 3 survivors (3072K)
 Metaspace       used 40680K, committed 40896K, reserved 1114112K
  class space    used 4970K, committed 5056K, reserved 1048576K
}
Event: 5.646 GC heap after
{Heap after GC invocations=9 (full 0):
 garbage-first heap   total 65536K, used 26803K [0x0000000081c00000, 0x0000000100000000)
  region size 1024K, 1 young (1024K), 1 survivors (1024K)
 Metaspace       used 40680K, committed 40896K, reserved 1114112K
  class space    used 4970K, committed 5056K, reserved 1048576K
}
Event: 6.497 GC heap before
{Heap before GC invocations=9 (full 0):
 garbage-first heap   total 65536K, used 48307K [0x0000000081c00000, 0x0000000100000000)
  region size 1024K, 22 young (22528K), 1 survivors (1024K)
 Metaspace       used 45539K, committed 45760K, reserved 1114112K
  class space    used 5439K, committed 5504K, reserved 1048576K
}
Event: 6.509 GC heap after
{Heap after GC invocations=10 (full 0):
 garbage-first heap   total 138240K, used 29031K [0x0000000081c00000, 0x0000000100000000)
  region size 1024K, 3 young (3072K), 3 survivors (3072K)
 Metaspace       used 45539K, committed 45760K, reserved 1114112K
  class space    used 5439K, committed 5504K, reserved 1048576K
}
Event: 8.457 GC heap before
{Heap before GC invocations=10 (full 0):
 garbage-first heap   total 138240K, used 97639K [0x0000000081c00000, 0x0000000100000000)
  region size 1024K, 67 young (68608K), 3 survivors (3072K)
 Metaspace       used 52509K, committed 52800K, reserved 1114112K
  class space    used 6211K, committed 6336K, reserved 1048576K
}
Event: 8.475 GC heap after
{Heap after GC invocations=11 (full 0):
 garbage-first heap   total 138240K, used 40226K [0x0000000081c00000, 0x0000000100000000)
  region size 1024K, 9 young (9216K), 9 survivors (9216K)
 Metaspace       used 52509K, committed 52800K, reserved 1114112K
  class space    used 6211K, committed 6336K, reserved 1048576K
}
Event: 11.211 GC heap before
{Heap before GC invocations=11 (full 0):
 garbage-first heap   total 138240K, used 86306K [0x0000000081c00000, 0x0000000100000000)
  region size 1024K, 55 young (56320K), 9 survivors (9216K)
 Metaspace       used 60310K, committed 60608K, reserved 1114112K
  class space    used 7146K, committed 7296K, reserved 1048576K
}
Event: 11.233 GC heap after
{Heap after GC invocations=12 (full 0):
 garbage-first heap   total 138240K, used 46532K [0x0000000081c00000, 0x0000000100000000)
  region size 1024K, 6 young (6144K), 6 survivors (6144K)
 Metaspace       used 60310K, committed 60608K, reserved 1114112K
  class space    used 7146K, committed 7296K, reserved 1048576K
}
Event: 12.942 GC heap before
{Heap before GC invocations=13 (full 0):
 garbage-first heap   total 138240K, used 96708K [0x0000000081c00000, 0x0000000100000000)
  region size 1024K, 55 young (56320K), 6 survivors (6144K)
 Metaspace       used 61316K, committed 61632K, reserved 1114112K
  class space    used 7212K, committed 7360K, reserved 1048576K
}
Event: 12.963 GC heap after
{Heap after GC invocations=14 (full 0):
 garbage-first heap   total 138240K, used 55214K [0x0000000081c00000, 0x0000000100000000)
  region size 1024K, 7 young (7168K), 7 survivors (7168K)
 Metaspace       used 61316K, committed 61632K, reserved 1114112K
  class space    used 7212K, committed 7360K, reserved 1048576K
}
Event: 13.857 GC heap before
{Heap before GC invocations=14 (full 0):
 garbage-first heap   total 138240K, used 101294K [0x0000000081c00000, 0x0000000100000000)
  region size 1024K, 52 young (53248K), 7 survivors (7168K)
 Metaspace       used 62130K, committed 62400K, reserved 1114112K
  class space    used 7311K, committed 7424K, reserved 1048576K
}

