# JRE version: OpenJDK Runtime Environment (17.0.7) (build 17.0.7+0-b2043.56-10550314)
# Java VM: OpenJDK 64-Bit Server VM (17.0.7+0-b2043.56-10550314, mixed mode, tiered, compressed oops, compressed class ptrs, g1 gc, windows-amd64)
GC Precious Log:
 CPUs: 8 total, 8 available
 Memory: 8073M
 Large Page Support: Disabled
 NUMA Support: Disabled
 Compressed Oops: Enabled (32-bit)
 Heap Region Size: 1M
 Heap Min Capacity: 8M
 Heap Initial Capacity: 128M
 Heap Max Capacity: 2020M
 Pre-touch: Disabled
 Parallel Workers: 8
 Concurrent Workers: 2
 Concurrent Refinement Workers: 8
 Periodic GC: Disabled
Heap:
 garbage-first heap   total 135168K, used 42195K [0x0000000081c00000, 0x0000000100000000)
  region size 1024K, 2 young (2048K), 2 survivors (2048K)
 Metaspace       used 39331K, committed 39552K, reserved 1114112K
  class space    used 4881K, committed 4992K, reserved 1048576K
GC Heap History (20 events):
Event: 0.502 GC heap after
{Heap after GC invocations=1 (full 0):
 garbage-first heap   total 131072K, used 6899K [0x0000000081c00000, 0x0000000100000000)
  region size 1024K, 3 young (3072K), 3 survivors (3072K)
 Metaspace       used 13290K, committed 13440K, reserved 1114112K
  class space    used 1281K, committed 1344K, reserved 1048576K
}
Event: 1.015 GC heap before
{Heap before GC invocations=1 (full 0):
 garbage-first heap   total 131072K, used 38643K [0x0000000081c00000, 0x0000000100000000)
  region size 1024K, 35 young (35840K), 3 survivors (3072K)
 Metaspace       used 21303K, committed 21504K, reserved 1114112K
  class space    used 2309K, committed 2432K, reserved 1048576K
}
Event: 1.021 GC heap after
{Heap after GC invocations=2 (full 0):
 garbage-first heap   total 131072K, used 10468K [0x0000000081c00000, 0x0000000100000000)
  region size 1024K, 4 young (4096K), 4 survivors (4096K)
 Metaspace       used 21303K, committed 21504K, reserved 1114112K
  class space    used 2309K, committed 2432K, reserved 1048576K
}
Event: 1.325 GC heap before
{Heap before GC invocations=3 (full 0):
 garbage-first heap   total 40960K, used 32996K [0x0000000081c00000, 0x0000000100000000)
  region size 1024K, 23 young (23552K), 4 survivors (4096K)
 Metaspace       used 27274K, committed 27520K, reserved 1114112K
  class space    used 2990K, committed 3072K, reserved 1048576K
}
Event: 1.330 GC heap after
{Heap after GC invocations=4 (full 0):
 garbage-first heap   total 40960K, used 16445K [0x0000000081c00000, 0x0000000100000000)
  region size 1024K, 2 young (2048K), 2 survivors (2048K)
 Metaspace       used 27274K, committed 27520K, reserved 1114112K
  class space    used 2990K, committed 3072K, reserved 1048576K
}
Event: 1.341 GC heap before
{Heap before GC invocations=4 (full 0):
 garbage-first heap   total 40960K, used 17469K [0x0000000081c00000, 0x0000000100000000)
  region size 1024K, 3 young (3072K), 2 survivors (2048K)
 Metaspace       used 27538K, committed 27776K, reserved 1114112K
  class space    used 3016K, committed 3136K, reserved 1048576K
}
Event: 1.344 GC heap after
{Heap after GC invocations=5 (full 0):
 garbage-first heap   total 40960K, used 17086K [0x0000000081c00000, 0x0000000100000000)
  region size 1024K, 1 young (1024K), 1 survivors (1024K)
 Metaspace       used 27538K, committed 27776K, reserved 1114112K
  class space    used 3016K, committed 3136K, reserved 1048576K
}
Event: 1.576 GC heap before
{Heap before GC invocations=5 (full 0):
 garbage-first heap   total 40960K, used 30398K [0x0000000081c00000, 0x0000000100000000)
  region size 1024K, 14 young (14336K), 1 survivors (1024K)
 Metaspace       used 32094K, committed 32384K, reserved 1114112K
  class space    used 3904K, committed 4032K, reserved 1048576K
}
Event: 1.579 GC heap after
{Heap after GC invocations=6 (full 0):
 garbage-first heap   total 40960K, used 17577K [0x0000000081c00000, 0x0000000100000000)
  region size 1024K, 1 young (1024K), 1 survivors (1024K)
 Metaspace       used 32094K, committed 32384K, reserved 1114112K
  class space    used 3904K, committed 4032K, reserved 1048576K
}
Event: 1.582 GC heap before
{Heap before GC invocations=6 (full 0):
 garbage-first heap   total 40960K, used 17577K [0x0000000081c00000, 0x0000000100000000)
  region size 1024K, 2 young (2048K), 1 survivors (1024K)
 Metaspace       used 32138K, committed 32448K, reserved 1114112K
  class space    used 3910K, committed 4032K, reserved 1048576K
}
Event: 1.584 GC heap after
{Heap after GC invocations=7 (full 0):
 garbage-first heap   total 75776K, used 17522K [0x0000000081c00000, 0x0000000100000000)
  region size 1024K, 1 young (1024K), 1 survivors (1024K)
 Metaspace       used 32138K, committed 32448K, reserved 1114112K
  class space    used 3910K, committed 4032K, reserved 1048576K
}
Event: 1.771 GC heap before
{Heap before GC invocations=7 (full 0):
 garbage-first heap   total 75776K, used 65650K [0x0000000081c00000, 0x0000000100000000)
  region size 1024K, 39 young (39936K), 1 survivors (1024K)
 Metaspace       used 32403K, committed 32704K, reserved 1114112K
  class space    used 3923K, committed 4096K, reserved 1048576K
}
Event: 1.789 GC heap after
{Heap after GC invocations=8 (full 0):
 garbage-first heap   total 79872K, used 32650K [0x0000000081c00000, 0x0000000100000000)
  region size 1024K, 5 young (5120K), 5 survivors (5120K)
 Metaspace       used 32403K, committed 32704K, reserved 1114112K
  class space    used 3923K, committed 4096K, reserved 1048576K
}
Event: 2.137 GC heap before
{Heap before GC invocations=8 (full 0):
 garbage-first heap   total 79872K, used 58250K [0x0000000081c00000, 0x0000000100000000)
  region size 1024K, 30 young (30720K), 5 survivors (5120K)
 Metaspace       used 35555K, committed 35776K, reserved 1114112K
  class space    used 4422K, committed 4544K, reserved 1048576K
}
Event: 2.147 GC heap after
{Heap after GC invocations=9 (full 0):
 garbage-first heap   total 79872K, used 33280K [0x0000000081c00000, 0x0000000100000000)
  region size 1024K, 4 young (4096K), 4 survivors (4096K)
 Metaspace       used 35555K, committed 35776K, reserved 1114112K
  class space    used 4422K, committed 4544K, reserved 1048576K
}
Event: 2.179 GC heap before
{Heap before GC invocations=9 (full 0):
 garbage-first heap   total 79872K, used 34304K [0x0000000081c00000, 0x0000000100000000)
  region size 1024K, 6 young (6144K), 4 survivors (4096K)
 Metaspace       used 35741K, committed 35968K, reserved 1114112K
  class space    used 4435K, committed 4544K, reserved 1048576K
}
Event: 2.183 GC heap after
{Heap after GC invocations=10 (full 0):
 garbage-first heap   total 79872K, used 34443K [0x0000000081c00000, 0x0000000100000000)
  region size 1024K, 1 young (1024K), 1 survivors (1024K)
 Metaspace       used 35741K, committed 35968K, reserved 1114112K
  class space    used 4435K, committed 4544K, reserved 1048576K
}
Event: 2.428 GC heap before
{Heap before GC invocations=11 (full 0):
 garbage-first heap   total 79872K, used 48779K [0x0000000081c00000, 0x0000000100000000)
  region size 1024K, 17 young (17408K), 1 survivors (1024K)
 Metaspace       used 39331K, committed 39552K, reserved 1114112K
  class space    used 4881K, committed 4992K, reserved 1048576K
}
Event: 2.432 GC heap after
{Heap after GC invocations=12 (full 0):
 garbage-first heap   total 79872K, used 35853K [0x0000000081c00000, 0x0000000100000000)
  region size 1024K, 3 young (3072K), 3 survivors (3072K)
 Metaspace       used 39331K, committed 39552K, reserved 1114112K
  class space    used 4881K, committed 4992K, reserved 1048576K
}
Event: 2.437 GC heap before
{Heap before GC invocations=12 (full 0):
 garbage-first heap   total 79872K, used 41997K [0x0000000081c00000, 0x0000000100000000)
  region size 1024K, 3 young (3072K), 3 survivors (3072K)
 Metaspace       used 39331K, committed 39552K, reserved 1114112K
  class space    used 4881K, committed 4992K, reserved 1048576K
}

