# JRE version: Java(TM) SE Runtime Environment (17.0.10+11) (build 17.0.10+11-LTS-240)
# Java VM: Java HotSpot(TM) 64-Bit Server VM (17.0.10+11-LTS-240, mixed mode, sharing, tiered, compressed oops, compressed class ptrs, g1 gc, windows-amd64)
GC Precious Log:
 CPUs: 8 total, 8 available
 Memory: 8073M
 Large Page Support: Disabled
 NUMA Support: Disabled
 Compressed Oops: Enabled (32-bit)
 Heap Region Size: 1M
 Heap Min Capacity: 8M
 Heap Initial Capacity: 128M
 Heap Max Capacity: 2G
 Pre-touch: Disabled
 Parallel Workers: 8
 Concurrent Workers: 2
 Concurrent Refinement Workers: 8
 Periodic GC: Disabled
Heap:
 garbage-first heap   total 325632K, used 280248K [0x0000000080000000, 0x0000000100000000)
  region size 1024K, 2 young (2048K), 2 survivors (2048K)
 Metaspace       used 115147K, committed 116288K, reserved 557056K
  class space    used 15998K, committed 16512K, reserved 425984K
GC Heap History (20 events):
Event: 23.862 GC heap after
{Heap after GC invocations=53 (full 0):
 garbage-first heap   total 325632K, used 193939K [0x0000000080000000, 0x0000000100000000)
  region size 1024K, 7 young (7168K), 7 survivors (7168K)
 Metaspace       used 106723K, committed 107776K, reserved 557056K
  class space    used 14839K, committed 15360K, reserved 425984K
}
Event: 24.604 GC heap before
{Heap before GC invocations=53 (full 0):
 garbage-first heap   total 325632K, used 274835K [0x0000000080000000, 0x0000000100000000)
  region size 1024K, 79 young (80896K), 7 survivors (7168K)
 Metaspace       used 106877K, committed 108032K, reserved 557056K
  class space    used 14844K, committed 15360K, reserved 425984K
}
Event: 24.612 GC heap after
{Heap after GC invocations=54 (full 0):
 garbage-first heap   total 325632K, used 199927K [0x0000000080000000, 0x0000000100000000)
  region size 1024K, 6 young (6144K), 6 survivors (6144K)
 Metaspace       used 106877K, committed 108032K, reserved 557056K
  class space    used 14844K, committed 15360K, reserved 425984K
}
Event: 25.197 GC heap before
{Heap before GC invocations=54 (full 0):
 garbage-first heap   total 325632K, used 285943K [0x0000000080000000, 0x0000000100000000)
  region size 1024K, 75 young (76800K), 6 survivors (6144K)
 Metaspace       used 107082K, committed 108224K, reserved 557056K
  class space    used 14865K, committed 15424K, reserved 425984K
}
Event: 25.209 GC heap after
{Heap after GC invocations=55 (full 0):
 garbage-first heap   total 325632K, used 205016K [0x0000000080000000, 0x0000000100000000)
  region size 1024K, 6 young (6144K), 6 survivors (6144K)
 Metaspace       used 107082K, committed 108224K, reserved 557056K
  class space    used 14865K, committed 15424K, reserved 425984K
}
Event: 25.706 GC heap before
{Heap before GC invocations=55 (full 0):
 garbage-first heap   total 325632K, used 274648K [0x0000000080000000, 0x0000000100000000)
  region size 1024K, 71 young (72704K), 6 survivors (6144K)
 Metaspace       used 108349K, committed 109504K, reserved 557056K
  class space    used 15021K, committed 15552K, reserved 425984K
}
Event: 25.714 GC heap after
{Heap after GC invocations=56 (full 0):
 garbage-first heap   total 325632K, used 212039K [0x0000000080000000, 0x0000000100000000)
  region size 1024K, 7 young (7168K), 7 survivors (7168K)
 Metaspace       used 108349K, committed 109504K, reserved 557056K
  class space    used 15021K, committed 15552K, reserved 425984K
}
Event: 25.903 GC heap before
{Heap before GC invocations=56 (full 0):
 garbage-first heap   total 325632K, used 286791K [0x0000000080000000, 0x0000000100000000)
  region size 1024K, 67 young (68608K), 7 survivors (7168K)
 Metaspace       used 108814K, committed 110016K, reserved 557056K
  class space    used 15121K, committed 15680K, reserved 425984K
}
Event: 25.912 GC heap after
{Heap after GC invocations=57 (full 0):
 garbage-first heap   total 325632K, used 221837K [0x0000000080000000, 0x0000000100000000)
  region size 1024K, 8 young (8192K), 8 survivors (8192K)
 Metaspace       used 108814K, committed 110016K, reserved 557056K
  class space    used 15121K, committed 15680K, reserved 425984K
}
Event: 26.145 GC heap before
{Heap before GC invocations=57 (full 0):
 garbage-first heap   total 325632K, used 274061K [0x0000000080000000, 0x0000000100000000)
  region size 1024K, 60 young (61440K), 8 survivors (8192K)
 Metaspace       used 109592K, committed 110720K, reserved 557056K
  class space    used 15228K, committed 15744K, reserved 425984K
}
Event: 26.154 GC heap after
{Heap after GC invocations=58 (full 0):
 garbage-first heap   total 325632K, used 228918K [0x0000000080000000, 0x0000000100000000)
  region size 1024K, 7 young (7168K), 7 survivors (7168K)
 Metaspace       used 109592K, committed 110720K, reserved 557056K
  class space    used 15228K, committed 15744K, reserved 425984K
}
Event: 26.450 GC heap before
{Heap before GC invocations=58 (full 0):
 garbage-first heap   total 325632K, used 274998K [0x0000000080000000, 0x0000000100000000)
  region size 1024K, 53 young (54272K), 7 survivors (7168K)
 Metaspace       used 111400K, committed 112512K, reserved 557056K
  class space    used 15480K, committed 16000K, reserved 425984K
}
Event: 26.455 GC heap after
{Heap after GC invocations=59 (full 0):
 garbage-first heap   total 325632K, used 231929K [0x0000000080000000, 0x0000000100000000)
  region size 1024K, 3 young (3072K), 3 survivors (3072K)
 Metaspace       used 111400K, committed 112512K, reserved 557056K
  class space    used 15480K, committed 16000K, reserved 425984K
}
Event: 26.824 GC heap before
{Heap before GC invocations=59 (full 0):
 garbage-first heap   total 325632K, used 292345K [0x0000000080000000, 0x0000000100000000)
  region size 1024K, 48 young (49152K), 3 survivors (3072K)
 Metaspace       used 114452K, committed 115584K, reserved 557056K
  class space    used 15906K, committed 16448K, reserved 425984K
}
Event: 26.832 GC heap after
{Heap after GC invocations=60 (full 0):
 garbage-first heap   total 325632K, used 256803K [0x0000000080000000, 0x0000000100000000)
  region size 1024K, 6 young (6144K), 6 survivors (6144K)
 Metaspace       used 114452K, committed 115584K, reserved 557056K
  class space    used 15906K, committed 16448K, reserved 425984K
}
Event: 26.871 GC heap before
{Heap before GC invocations=60 (full 0):
 garbage-first heap   total 325632K, used 276259K [0x0000000080000000, 0x0000000100000000)
  region size 1024K, 15 young (15360K), 6 survivors (6144K)
 Metaspace       used 114910K, committed 116032K, reserved 557056K
  class space    used 15967K, committed 16512K, reserved 425984K
}
Event: 26.878 GC heap after
{Heap after GC invocations=61 (full 0):
 garbage-first heap   total 325632K, used 266674K [0x0000000080000000, 0x0000000100000000)
  region size 1024K, 3 young (3072K), 3 survivors (3072K)
 Metaspace       used 114910K, committed 116032K, reserved 557056K
  class space    used 15967K, committed 16512K, reserved 425984K
}
Event: 26.887 GC heap before
{Heap before GC invocations=61 (full 0):
 garbage-first heap   total 325632K, used 269746K [0x0000000080000000, 0x0000000100000000)
  region size 1024K, 6 young (6144K), 3 survivors (3072K)
 Metaspace       used 114912K, committed 116032K, reserved 557056K
  class space    used 15967K, committed 16512K, reserved 425984K
}
Event: 26.889 GC heap after
{Heap after GC invocations=62 (full 0):
 garbage-first heap   total 325632K, used 266448K [0x0000000080000000, 0x0000000100000000)
  region size 1024K, 2 young (2048K), 2 survivors (2048K)
 Metaspace       used 114912K, committed 116032K, reserved 557056K
  class space    used 15967K, committed 16512K, reserved 425984K
}
Event: 26.932 GC heap before
{Heap before GC invocations=62 (full 0):
 garbage-first heap   total 325632K, used 303312K [0x0000000080000000, 0x0000000100000000)
  region size 1024K, 16 young (16384K), 2 survivors (2048K)
 Metaspace       used 115147K, committed 116288K, reserved 557056K
  class space    used 15998K, committed 16512K, reserved 425984K
}

