# JRE version: OpenJDK Runtime Environment (17.0.7) (build 17.0.7+0-b2043.56-10550314)
# Java VM: OpenJDK 64-Bit Server VM (17.0.7+0-b2043.56-10550314, mixed mode, tiered, compressed oops, compressed class ptrs, g1 gc, windows-amd64)
GC Precious Log:
 CPUs: 8 total, 8 available
 Memory: 8073M
 Large Page Support: Disabled
 NUMA Support: Disabled
 Compressed Oops: Enabled (32-bit)
 Heap Region Size: 1M
 Heap Min Capacity: 8M
 Heap Initial Capacity: 128M
 Heap Max Capacity: 2020M
 Pre-touch: Disabled
 Parallel Workers: 8
 Concurrent Workers: 2
 Concurrent Refinement Workers: 8
 Periodic GC: Disabled
Heap:
 garbage-first heap   total 144384K, used 81494K [0x0000000081c00000, 0x0000000100000000)
  region size 1024K, 12 young (12288K), 4 survivors (4096K)
 Metaspace       used 64499K, committed 64768K, reserved 1114112K
  class space    used 7464K, committed 7616K, reserved 1048576K
GC Heap History (20 events):
Event: 1.605 GC heap before
{Heap before GC invocations=12 (full 0):
 garbage-first heap   total 55296K, used 39930K [0x0000000081c00000, 0x0000000100000000)
  region size 1024K, 11 young (11264K), 1 survivors (1024K)
 Metaspace       used 32230K, committed 32576K, reserved 1114112K
  class space    used 3923K, committed 4096K, reserved 1048576K
}
Event: 1.615 GC heap after
{Heap after GC invocations=13 (full 0):
 garbage-first heap   total 139264K, used 29347K [0x0000000081c00000, 0x0000000100000000)
  region size 1024K, 2 young (2048K), 2 survivors (2048K)
 Metaspace       used 32230K, committed 32576K, reserved 1114112K
  class space    used 3923K, committed 4096K, reserved 1048576K
}
Event: 2.200 GC heap before
{Heap before GC invocations=14 (full 0):
 garbage-first heap   total 119808K, used 79523K [0x0000000081c00000, 0x0000000100000000)
  region size 1024K, 47 young (48128K), 2 survivors (2048K)
 Metaspace       used 38780K, committed 39040K, reserved 1114112K
  class space    used 4816K, committed 4928K, reserved 1048576K
}
Event: 2.215 GC heap after
{Heap after GC invocations=15 (full 0):
 garbage-first heap   total 119808K, used 37218K [0x0000000081c00000, 0x0000000100000000)
  region size 1024K, 6 young (6144K), 6 survivors (6144K)
 Metaspace       used 38780K, committed 39040K, reserved 1114112K
  class space    used 4816K, committed 4928K, reserved 1048576K
}
Event: 2.572 GC heap before
{Heap before GC invocations=15 (full 0):
 garbage-first heap   total 119808K, used 83298K [0x0000000081c00000, 0x0000000100000000)
  region size 1024K, 40 young (40960K), 6 survivors (6144K)
 Metaspace       used 45090K, committed 45312K, reserved 1114112K
  class space    used 5403K, committed 5504K, reserved 1048576K
}
Event: 2.586 GC heap after
{Heap after GC invocations=16 (full 0):
 garbage-first heap   total 119808K, used 54611K [0x0000000081c00000, 0x0000000100000000)
  region size 1024K, 5 young (5120K), 5 survivors (5120K)
 Metaspace       used 45090K, committed 45312K, reserved 1114112K
  class space    used 5403K, committed 5504K, reserved 1048576K
}
Event: 2.962 GC heap before
{Heap before GC invocations=16 (full 0):
 garbage-first heap   total 119808K, used 84307K [0x0000000081c00000, 0x0000000100000000)
  region size 1024K, 33 young (33792K), 5 survivors (5120K)
 Metaspace       used 50728K, committed 51008K, reserved 1114112K
  class space    used 6099K, committed 6208K, reserved 1048576K
}
Event: 2.972 GC heap after
{Heap after GC invocations=17 (full 0):
 garbage-first heap   total 119808K, used 57949K [0x0000000081c00000, 0x0000000100000000)
  region size 1024K, 3 young (3072K), 3 survivors (3072K)
 Metaspace       used 50728K, committed 51008K, reserved 1114112K
  class space    used 6099K, committed 6208K, reserved 1048576K
}
Event: 3.061 GC heap before
{Heap before GC invocations=17 (full 0):
 garbage-first heap   total 119808K, used 86621K [0x0000000081c00000, 0x0000000100000000)
  region size 1024K, 31 young (31744K), 3 survivors (3072K)
 Metaspace       used 50885K, committed 51136K, reserved 1114112K
  class space    used 6099K, committed 6208K, reserved 1048576K
}
Event: 3.070 GC heap after
{Heap after GC invocations=18 (full 0):
 garbage-first heap   total 119808K, used 59258K [0x0000000081c00000, 0x0000000100000000)
  region size 1024K, 2 young (2048K), 2 survivors (2048K)
 Metaspace       used 50885K, committed 51136K, reserved 1114112K
  class space    used 6099K, committed 6208K, reserved 1048576K
}
Event: 3.565 GC heap before
{Heap before GC invocations=19 (full 0):
 garbage-first heap   total 119808K, used 88279K [0x0000000081c00000, 0x0000000100000000)
  region size 1024K, 31 young (31744K), 2 survivors (2048K)
 Metaspace       used 56787K, committed 57088K, reserved 1114112K
  class space    used 6830K, committed 6976K, reserved 1048576K
}
Event: 3.571 GC heap after
{Heap after GC invocations=20 (full 0):
 garbage-first heap   total 119808K, used 60941K [0x0000000081c00000, 0x0000000100000000)
  region size 1024K, 4 young (4096K), 4 survivors (4096K)
 Metaspace       used 56787K, committed 57088K, reserved 1114112K
  class space    used 6830K, committed 6976K, reserved 1048576K
}
Event: 4.164 GC heap before
{Heap before GC invocations=20 (full 0):
 garbage-first heap   total 119808K, used 91661K [0x0000000081c00000, 0x0000000100000000)
  region size 1024K, 34 young (34816K), 4 survivors (4096K)
 Metaspace       used 58613K, committed 58880K, reserved 1114112K
  class space    used 6923K, committed 7040K, reserved 1048576K
}
Event: 4.179 GC heap after
{Heap after GC invocations=21 (full 0):
 garbage-first heap   total 144384K, used 65912K [0x0000000081c00000, 0x0000000100000000)
  region size 1024K, 5 young (5120K), 5 survivors (5120K)
 Metaspace       used 58613K, committed 58880K, reserved 1114112K
  class space    used 6923K, committed 7040K, reserved 1048576K
}
Event: 5.198 GC heap before
{Heap before GC invocations=22 (full 0):
 garbage-first heap   total 144384K, used 107896K [0x0000000081c00000, 0x0000000100000000)
  region size 1024K, 46 young (47104K), 5 survivors (5120K)
 Metaspace       used 62283K, committed 62592K, reserved 1114112K
  class space    used 7281K, committed 7424K, reserved 1048576K
}
Event: 5.211 GC heap after
{Heap after GC invocations=23 (full 0):
 garbage-first heap   total 144384K, used 70235K [0x0000000081c00000, 0x0000000100000000)
  region size 1024K, 4 young (4096K), 4 survivors (4096K)
 Metaspace       used 62283K, committed 62592K, reserved 1114112K
  class space    used 7281K, committed 7424K, reserved 1048576K
}
Event: 5.274 GC heap before
{Heap before GC invocations=23 (full 0):
 garbage-first heap   total 144384K, used 73307K [0x0000000081c00000, 0x0000000100000000)
  region size 1024K, 7 young (7168K), 4 survivors (4096K)
 Metaspace       used 62558K, committed 62784K, reserved 1114112K
  class space    used 7310K, committed 7424K, reserved 1048576K
}
Event: 5.281 GC heap after
{Heap after GC invocations=24 (full 0):
 garbage-first heap   total 144384K, used 70509K [0x0000000081c00000, 0x0000000100000000)
  region size 1024K, 1 young (1024K), 1 survivors (1024K)
 Metaspace       used 62558K, committed 62784K, reserved 1114112K
  class space    used 7310K, committed 7424K, reserved 1048576K
}
Event: 6.068 GC heap before
{Heap before GC invocations=24 (full 0):
 garbage-first heap   total 144384K, used 103277K [0x0000000081c00000, 0x0000000100000000)
  region size 1024K, 34 young (34816K), 1 survivors (1024K)
 Metaspace       used 64427K, committed 64704K, reserved 1114112K
  class space    used 7463K, committed 7616K, reserved 1048576K
}
Event: 6.076 GC heap after
{Heap after GC invocations=25 (full 0):
 garbage-first heap   total 144384K, used 73302K [0x0000000081c00000, 0x0000000100000000)
  region size 1024K, 4 young (4096K), 4 survivors (4096K)
 Metaspace       used 64427K, committed 64704K, reserved 1114112K
  class space    used 7463K, committed 7616K, reserved 1048576K
}

